<?xml version="1.0" encoding="UTF-8"?>
<!-- Generated by org.testng.reporters.JUnitReportReporter -->
<testsuite skipped="0" hostname="DESKTOP-L7OT7O1" name="com.cleartrip.qa.test.LoginTest" tests="2" failures="0" timestamp="28 May 2019 17:21:33 GMT" time="26.484" errors="0">
  <testcase name="loginPageTitleTest" time="9.744" classname="com.cleartrip.qa.test.LoginTest"/>
  <testcase name="loginUrl" time="16.740" classname="com.cleartrip.qa.test.LoginTest"/>
</testsuite> <!-- com.cleartrip.qa.test.LoginTest -->
